Linked: (/home/zwx/Documents/ros/learn/devel/.private/action_demo/lib/pkgconfig/action_demo.pc, /home/zwx/Documents/ros/learn/devel/lib/pkgconfig/action_demo.pc)
Linked: (/home/zwx/Documents/ros/learn/devel/.private/action_demo/lib/python3/dist-packages/action_demo/__init__.py, /home/zwx/Documents/ros/learn/devel/lib/python3/dist-packages/action_demo/__init__.py)
Symlinking /home/zwx/Documents/ros/learn/devel/lib/python3/dist-packages/action_demo/msg/_AddIntsActionGoal.py
Linked: (/home/zwx/Documents/ros/learn/devel/.private/action_demo/lib/python3/dist-packages/action_demo/msg/_ActionDemoGoal.py, /home/zwx/Documents/ros/learn/devel/lib/python3/dist-packages/action_demo/msg/_ActionDemoGoal.py)
Symlinking /home/zwx/Documents/ros/learn/devel/lib/python3/dist-packages/action_demo/msg/_AddIntsGoal.py
Symlinking /home/zwx/Documents/ros/learn/devel/lib/python3/dist-packages/action_demo/msg/_AddIntsAction.py
Symlinking /home/zwx/Documents/ros/learn/devel/lib/python3/dist-packages/action_demo/msg/_AddIntsActionResult.py
Linked: (/home/zwx/Documents/ros/learn/devel/.private/action_demo/lib/python3/dist-packages/action_demo/msg/__init__.py, /home/zwx/Documents/ros/learn/devel/lib/python3/dist-packages/action_demo/msg/__init__.py)
Symlinking /home/zwx/Documents/ros/learn/devel/lib/python3/dist-packages/action_demo/msg/_AddIntsResult.py
Linked: (/home/zwx/Documents/ros/learn/devel/.private/action_demo/lib/python3/dist-packages/action_demo/msg/_ActionDemoActionResult.py, /home/zwx/Documents/ros/learn/devel/lib/python3/dist-packages/action_demo/msg/_ActionDemoActionResult.py)
Linked: (/home/zwx/Documents/ros/learn/devel/.private/action_demo/lib/python3/dist-packages/action_demo/msg/_ActionDemoActionFeedback.py, /home/zwx/Documents/ros/learn/devel/lib/python3/dist-packages/action_demo/msg/_ActionDemoActionFeedback.py)
Linked: (/home/zwx/Documents/ros/learn/devel/.private/action_demo/lib/python3/dist-packages/action_demo/msg/_ActionDemoResult.py, /home/zwx/Documents/ros/learn/devel/lib/python3/dist-packages/action_demo/msg/_ActionDemoResult.py)
Linked: (/home/zwx/Documents/ros/learn/devel/.private/action_demo/lib/python3/dist-packages/action_demo/msg/_ActionDemoAction.py, /home/zwx/Documents/ros/learn/devel/lib/python3/dist-packages/action_demo/msg/_ActionDemoAction.py)
Symlinking /home/zwx/Documents/ros/learn/devel/lib/python3/dist-packages/action_demo/msg/_AddIntsActionFeedback.py
Linked: (/home/zwx/Documents/ros/learn/devel/.private/action_demo/lib/python3/dist-packages/action_demo/msg/_ActionDemoFeedback.py, /home/zwx/Documents/ros/learn/devel/lib/python3/dist-packages/action_demo/msg/_ActionDemoFeedback.py)
Symlinking /home/zwx/Documents/ros/learn/devel/lib/python3/dist-packages/action_demo/msg/_AddIntsFeedback.py
Linked: (/home/zwx/Documents/ros/learn/devel/.private/action_demo/lib/python3/dist-packages/action_demo/msg/_ActionDemoActionGoal.py, /home/zwx/Documents/ros/learn/devel/lib/python3/dist-packages/action_demo/msg/_ActionDemoActionGoal.py)
Symlinking /home/zwx/Documents/ros/learn/devel/share/action_demo/msg/AddIntsFeedback.msg
Linked: (/home/zwx/Documents/ros/learn/devel/.private/action_demo/share/action_demo/msg/ActionDemoAction.msg, /home/zwx/Documents/ros/learn/devel/share/action_demo/msg/ActionDemoAction.msg)
Linked: (/home/zwx/Documents/ros/learn/devel/.private/action_demo/share/action_demo/msg/ActionDemoFeedback.msg, /home/zwx/Documents/ros/learn/devel/share/action_demo/msg/ActionDemoFeedback.msg)
Symlinking /home/zwx/Documents/ros/learn/devel/share/action_demo/msg/AddIntsActionResult.msg
Linked: (/home/zwx/Documents/ros/learn/devel/.private/action_demo/share/action_demo/msg/ActionDemoActionResult.msg, /home/zwx/Documents/ros/learn/devel/share/action_demo/msg/ActionDemoActionResult.msg)
Symlinking /home/zwx/Documents/ros/learn/devel/share/action_demo/msg/AddIntsResult.msg
Symlinking /home/zwx/Documents/ros/learn/devel/share/action_demo/msg/AddIntsActionFeedback.msg
Symlinking /home/zwx/Documents/ros/learn/devel/share/action_demo/msg/AddIntsActionGoal.msg
Linked: (/home/zwx/Documents/ros/learn/devel/.private/action_demo/share/action_demo/msg/ActionDemoActionFeedback.msg, /home/zwx/Documents/ros/learn/devel/share/action_demo/msg/ActionDemoActionFeedback.msg)
Symlinking /home/zwx/Documents/ros/learn/devel/share/action_demo/msg/AddIntsAction.msg
Linked: (/home/zwx/Documents/ros/learn/devel/.private/action_demo/share/action_demo/msg/ActionDemoActionGoal.msg, /home/zwx/Documents/ros/learn/devel/share/action_demo/msg/ActionDemoActionGoal.msg)
Linked: (/home/zwx/Documents/ros/learn/devel/.private/action_demo/share/action_demo/msg/ActionDemoResult.msg, /home/zwx/Documents/ros/learn/devel/share/action_demo/msg/ActionDemoResult.msg)
Symlinking /home/zwx/Documents/ros/learn/devel/share/action_demo/msg/AddIntsGoal.msg
Linked: (/home/zwx/Documents/ros/learn/devel/.private/action_demo/share/action_demo/msg/ActionDemoGoal.msg, /home/zwx/Documents/ros/learn/devel/share/action_demo/msg/ActionDemoGoal.msg)
Linked: (/home/zwx/Documents/ros/learn/devel/.private/action_demo/share/action_demo/cmake/action_demoConfig-version.cmake, /home/zwx/Documents/ros/learn/devel/share/action_demo/cmake/action_demoConfig-version.cmake)
Linked: (/home/zwx/Documents/ros/learn/devel/.private/action_demo/share/action_demo/cmake/action_demo-msg-paths.cmake, /home/zwx/Documents/ros/learn/devel/share/action_demo/cmake/action_demo-msg-paths.cmake)
Linked: (/home/zwx/Documents/ros/learn/devel/.private/action_demo/share/action_demo/cmake/action_demo-msg-extras.cmake, /home/zwx/Documents/ros/learn/devel/share/action_demo/cmake/action_demo-msg-extras.cmake)
Linked: (/home/zwx/Documents/ros/learn/devel/.private/action_demo/share/action_demo/cmake/action_demoConfig.cmake, /home/zwx/Documents/ros/learn/devel/share/action_demo/cmake/action_demoConfig.cmake)
Linked: (/home/zwx/Documents/ros/learn/devel/.private/action_demo/share/roseus/ros/action_demo/manifest.l, /home/zwx/Documents/ros/learn/devel/share/roseus/ros/action_demo/manifest.l)
Symlinking /home/zwx/Documents/ros/learn/devel/share/roseus/ros/action_demo/msg/AddIntsResult.l
Linked: (/home/zwx/Documents/ros/learn/devel/.private/action_demo/share/roseus/ros/action_demo/msg/ActionDemoActionFeedback.l, /home/zwx/Documents/ros/learn/devel/share/roseus/ros/action_demo/msg/ActionDemoActionFeedback.l)
Linked: (/home/zwx/Documents/ros/learn/devel/.private/action_demo/share/roseus/ros/action_demo/msg/ActionDemoFeedback.l, /home/zwx/Documents/ros/learn/devel/share/roseus/ros/action_demo/msg/ActionDemoFeedback.l)
Symlinking /home/zwx/Documents/ros/learn/devel/share/roseus/ros/action_demo/msg/AddIntsActionGoal.l
Linked: (/home/zwx/Documents/ros/learn/devel/.private/action_demo/share/roseus/ros/action_demo/msg/ActionDemoAction.l, /home/zwx/Documents/ros/learn/devel/share/roseus/ros/action_demo/msg/ActionDemoAction.l)
Symlinking /home/zwx/Documents/ros/learn/devel/share/roseus/ros/action_demo/msg/AddIntsActionResult.l
Linked: (/home/zwx/Documents/ros/learn/devel/.private/action_demo/share/roseus/ros/action_demo/msg/ActionDemoResult.l, /home/zwx/Documents/ros/learn/devel/share/roseus/ros/action_demo/msg/ActionDemoResult.l)
Linked: (/home/zwx/Documents/ros/learn/devel/.private/action_demo/share/roseus/ros/action_demo/msg/ActionDemoActionResult.l, /home/zwx/Documents/ros/learn/devel/share/roseus/ros/action_demo/msg/ActionDemoActionResult.l)
Symlinking /home/zwx/Documents/ros/learn/devel/share/roseus/ros/action_demo/msg/AddIntsFeedback.l
Symlinking /home/zwx/Documents/ros/learn/devel/share/roseus/ros/action_demo/msg/AddIntsAction.l
Symlinking /home/zwx/Documents/ros/learn/devel/share/roseus/ros/action_demo/msg/AddIntsGoal.l
Linked: (/home/zwx/Documents/ros/learn/devel/.private/action_demo/share/roseus/ros/action_demo/msg/ActionDemoActionGoal.l, /home/zwx/Documents/ros/learn/devel/share/roseus/ros/action_demo/msg/ActionDemoActionGoal.l)
Symlinking /home/zwx/Documents/ros/learn/devel/share/roseus/ros/action_demo/msg/AddIntsActionFeedback.l
Linked: (/home/zwx/Documents/ros/learn/devel/.private/action_demo/share/roseus/ros/action_demo/msg/ActionDemoGoal.l, /home/zwx/Documents/ros/learn/devel/share/roseus/ros/action_demo/msg/ActionDemoGoal.l)
Linked: (/home/zwx/Documents/ros/learn/devel/.private/action_demo/share/gennodejs/ros/action_demo/_index.js, /home/zwx/Documents/ros/learn/devel/share/gennodejs/ros/action_demo/_index.js)
Linked: (/home/zwx/Documents/ros/learn/devel/.private/action_demo/share/gennodejs/ros/action_demo/msg/ActionDemoActionGoal.js, /home/zwx/Documents/ros/learn/devel/share/gennodejs/ros/action_demo/msg/ActionDemoActionGoal.js)
Symlinking /home/zwx/Documents/ros/learn/devel/share/gennodejs/ros/action_demo/msg/AddIntsResult.js
Symlinking /home/zwx/Documents/ros/learn/devel/share/gennodejs/ros/action_demo/msg/AddIntsGoal.js
Linked: (/home/zwx/Documents/ros/learn/devel/.private/action_demo/share/gennodejs/ros/action_demo/msg/ActionDemoAction.js, /home/zwx/Documents/ros/learn/devel/share/gennodejs/ros/action_demo/msg/ActionDemoAction.js)
Symlinking /home/zwx/Documents/ros/learn/devel/share/gennodejs/ros/action_demo/msg/AddIntsActionResult.js
Linked: (/home/zwx/Documents/ros/learn/devel/.private/action_demo/share/gennodejs/ros/action_demo/msg/ActionDemoActionFeedback.js, /home/zwx/Documents/ros/learn/devel/share/gennodejs/ros/action_demo/msg/ActionDemoActionFeedback.js)
Symlinking /home/zwx/Documents/ros/learn/devel/share/gennodejs/ros/action_demo/msg/AddIntsActionGoal.js
Linked: (/home/zwx/Documents/ros/learn/devel/.private/action_demo/share/gennodejs/ros/action_demo/msg/ActionDemoGoal.js, /home/zwx/Documents/ros/learn/devel/share/gennodejs/ros/action_demo/msg/ActionDemoGoal.js)
Linked: (/home/zwx/Documents/ros/learn/devel/.private/action_demo/share/gennodejs/ros/action_demo/msg/_index.js, /home/zwx/Documents/ros/learn/devel/share/gennodejs/ros/action_demo/msg/_index.js)
Linked: (/home/zwx/Documents/ros/learn/devel/.private/action_demo/share/gennodejs/ros/action_demo/msg/ActionDemoActionResult.js, /home/zwx/Documents/ros/learn/devel/share/gennodejs/ros/action_demo/msg/ActionDemoActionResult.js)
Linked: (/home/zwx/Documents/ros/learn/devel/.private/action_demo/share/gennodejs/ros/action_demo/msg/ActionDemoFeedback.js, /home/zwx/Documents/ros/learn/devel/share/gennodejs/ros/action_demo/msg/ActionDemoFeedback.js)
Symlinking /home/zwx/Documents/ros/learn/devel/share/gennodejs/ros/action_demo/msg/AddIntsFeedback.js
Symlinking /home/zwx/Documents/ros/learn/devel/share/gennodejs/ros/action_demo/msg/AddIntsAction.js
Linked: (/home/zwx/Documents/ros/learn/devel/.private/action_demo/share/gennodejs/ros/action_demo/msg/ActionDemoResult.js, /home/zwx/Documents/ros/learn/devel/share/gennodejs/ros/action_demo/msg/ActionDemoResult.js)
Symlinking /home/zwx/Documents/ros/learn/devel/share/gennodejs/ros/action_demo/msg/AddIntsActionFeedback.js
Symlinking /home/zwx/Documents/ros/learn/devel/share/common-lisp/ros/action_demo/msg/_package_AddIntsAction.lisp
Symlinking /home/zwx/Documents/ros/learn/devel/share/common-lisp/ros/action_demo/msg/_package_AddIntsActionFeedback.lisp
Linked: (/home/zwx/Documents/ros/learn/devel/.private/action_demo/share/common-lisp/ros/action_demo/msg/_package_ActionDemoActionFeedback.lisp, /home/zwx/Documents/ros/learn/devel/share/common-lisp/ros/action_demo/msg/_package_ActionDemoActionFeedback.lisp)
Symlinking /home/zwx/Documents/ros/learn/devel/share/common-lisp/ros/action_demo/msg/_package_AddIntsFeedback.lisp
Linked: (/home/zwx/Documents/ros/learn/devel/.private/action_demo/share/common-lisp/ros/action_demo/msg/ActionDemoActionGoal.lisp, /home/zwx/Documents/ros/learn/devel/share/common-lisp/ros/action_demo/msg/ActionDemoActionGoal.lisp)
Linked: (/home/zwx/Documents/ros/learn/devel/.private/action_demo/share/common-lisp/ros/action_demo/msg/_package_ActionDemoActionGoal.lisp, /home/zwx/Documents/ros/learn/devel/share/common-lisp/ros/action_demo/msg/_package_ActionDemoActionGoal.lisp)
Symlinking /home/zwx/Documents/ros/learn/devel/share/common-lisp/ros/action_demo/msg/AddIntsActionFeedback.lisp
Symlinking /home/zwx/Documents/ros/learn/devel/share/common-lisp/ros/action_demo/msg/AddIntsAction.lisp
Linked: (/home/zwx/Documents/ros/learn/devel/.private/action_demo/share/common-lisp/ros/action_demo/msg/ActionDemoResult.lisp, /home/zwx/Documents/ros/learn/devel/share/common-lisp/ros/action_demo/msg/ActionDemoResult.lisp)
Symlinking /home/zwx/Documents/ros/learn/devel/share/common-lisp/ros/action_demo/msg/AddIntsActionGoal.lisp
Linked: (/home/zwx/Documents/ros/learn/devel/.private/action_demo/share/common-lisp/ros/action_demo/msg/_package_ActionDemoFeedback.lisp, /home/zwx/Documents/ros/learn/devel/share/common-lisp/ros/action_demo/msg/_package_ActionDemoFeedback.lisp)
Symlinking /home/zwx/Documents/ros/learn/devel/share/common-lisp/ros/action_demo/msg/AddIntsFeedback.lisp
Linked: (/home/zwx/Documents/ros/learn/devel/.private/action_demo/share/common-lisp/ros/action_demo/msg/ActionDemoAction.lisp, /home/zwx/Documents/ros/learn/devel/share/common-lisp/ros/action_demo/msg/ActionDemoAction.lisp)
Linked: (/home/zwx/Documents/ros/learn/devel/.private/action_demo/share/common-lisp/ros/action_demo/msg/ActionDemoGoal.lisp, /home/zwx/Documents/ros/learn/devel/share/common-lisp/ros/action_demo/msg/ActionDemoGoal.lisp)
Linked: (/home/zwx/Documents/ros/learn/devel/.private/action_demo/share/common-lisp/ros/action_demo/msg/action_demo-msg.asd, /home/zwx/Documents/ros/learn/devel/share/common-lisp/ros/action_demo/msg/action_demo-msg.asd)
Linked: (/home/zwx/Documents/ros/learn/devel/.private/action_demo/share/common-lisp/ros/action_demo/msg/_package_ActionDemoActionResult.lisp, /home/zwx/Documents/ros/learn/devel/share/common-lisp/ros/action_demo/msg/_package_ActionDemoActionResult.lisp)
Linked: (/home/zwx/Documents/ros/learn/devel/.private/action_demo/share/common-lisp/ros/action_demo/msg/_package_ActionDemoAction.lisp, /home/zwx/Documents/ros/learn/devel/share/common-lisp/ros/action_demo/msg/_package_ActionDemoAction.lisp)
Symlinking /home/zwx/Documents/ros/learn/devel/share/common-lisp/ros/action_demo/msg/_package_AddIntsResult.lisp
Symlinking /home/zwx/Documents/ros/learn/devel/share/common-lisp/ros/action_demo/msg/_package_AddIntsActionResult.lisp
Linked: (/home/zwx/Documents/ros/learn/devel/.private/action_demo/share/common-lisp/ros/action_demo/msg/_package_ActionDemoGoal.lisp, /home/zwx/Documents/ros/learn/devel/share/common-lisp/ros/action_demo/msg/_package_ActionDemoGoal.lisp)
Symlinking /home/zwx/Documents/ros/learn/devel/share/common-lisp/ros/action_demo/msg/AddIntsGoal.lisp
Linked: (/home/zwx/Documents/ros/learn/devel/.private/action_demo/share/common-lisp/ros/action_demo/msg/_package_ActionDemoResult.lisp, /home/zwx/Documents/ros/learn/devel/share/common-lisp/ros/action_demo/msg/_package_ActionDemoResult.lisp)
Linked: (/home/zwx/Documents/ros/learn/devel/.private/action_demo/share/common-lisp/ros/action_demo/msg/ActionDemoActionFeedback.lisp, /home/zwx/Documents/ros/learn/devel/share/common-lisp/ros/action_demo/msg/ActionDemoActionFeedback.lisp)
Symlinking /home/zwx/Documents/ros/learn/devel/share/common-lisp/ros/action_demo/msg/_package_AddIntsActionGoal.lisp
Linked: (/home/zwx/Documents/ros/learn/devel/.private/action_demo/share/common-lisp/ros/action_demo/msg/_package.lisp, /home/zwx/Documents/ros/learn/devel/share/common-lisp/ros/action_demo/msg/_package.lisp)
Linked: (/home/zwx/Documents/ros/learn/devel/.private/action_demo/share/common-lisp/ros/action_demo/msg/ActionDemoActionResult.lisp, /home/zwx/Documents/ros/learn/devel/share/common-lisp/ros/action_demo/msg/ActionDemoActionResult.lisp)
Symlinking /home/zwx/Documents/ros/learn/devel/share/common-lisp/ros/action_demo/msg/AddIntsResult.lisp
Linked: (/home/zwx/Documents/ros/learn/devel/.private/action_demo/share/common-lisp/ros/action_demo/msg/ActionDemoFeedback.lisp, /home/zwx/Documents/ros/learn/devel/share/common-lisp/ros/action_demo/msg/ActionDemoFeedback.lisp)
Symlinking /home/zwx/Documents/ros/learn/devel/share/common-lisp/ros/action_demo/msg/AddIntsActionResult.lisp
Symlinking /home/zwx/Documents/ros/learn/devel/share/common-lisp/ros/action_demo/msg/_package_AddIntsGoal.lisp
Symlinking /home/zwx/Documents/ros/learn/devel/include/action_demo/AddIntsActionResult.h
Symlinking /home/zwx/Documents/ros/learn/devel/include/action_demo/AddIntsActionFeedback.h
Symlinking /home/zwx/Documents/ros/learn/devel/include/action_demo/AddIntsActionGoal.h
Linked: (/home/zwx/Documents/ros/learn/devel/.private/action_demo/include/action_demo/ActionDemoFeedback.h, /home/zwx/Documents/ros/learn/devel/include/action_demo/ActionDemoFeedback.h)
Symlinking /home/zwx/Documents/ros/learn/devel/include/action_demo/AddIntsGoal.h
Linked: (/home/zwx/Documents/ros/learn/devel/.private/action_demo/include/action_demo/ActionDemoActionFeedback.h, /home/zwx/Documents/ros/learn/devel/include/action_demo/ActionDemoActionFeedback.h)
Linked: (/home/zwx/Documents/ros/learn/devel/.private/action_demo/include/action_demo/ActionDemoAction.h, /home/zwx/Documents/ros/learn/devel/include/action_demo/ActionDemoAction.h)
Symlinking /home/zwx/Documents/ros/learn/devel/include/action_demo/AddIntsFeedback.h
Symlinking /home/zwx/Documents/ros/learn/devel/include/action_demo/AddIntsResult.h
Linked: (/home/zwx/Documents/ros/learn/devel/.private/action_demo/include/action_demo/ActionDemoActionResult.h, /home/zwx/Documents/ros/learn/devel/include/action_demo/ActionDemoActionResult.h)
Symlinking /home/zwx/Documents/ros/learn/devel/include/action_demo/AddIntsAction.h
Linked: (/home/zwx/Documents/ros/learn/devel/.private/action_demo/include/action_demo/ActionDemoGoal.h, /home/zwx/Documents/ros/learn/devel/include/action_demo/ActionDemoGoal.h)
Linked: (/home/zwx/Documents/ros/learn/devel/.private/action_demo/include/action_demo/ActionDemoResult.h, /home/zwx/Documents/ros/learn/devel/include/action_demo/ActionDemoResult.h)
Linked: (/home/zwx/Documents/ros/learn/devel/.private/action_demo/include/action_demo/ActionDemoActionGoal.h, /home/zwx/Documents/ros/learn/devel/include/action_demo/ActionDemoActionGoal.h)
