[  0%] Built target roscpp_generate_messages_eus
[  0%] Built target _action_demo_generate_messages_check_deps_AddIntsGoal
[  0%] Built target _action_demo_generate_messages_check_deps_AddIntsActionFeedback
[  0%] Built target _action_demo_generate_messages_check_deps_AddIntsActionGoal
[  0%] Built target _action_demo_generate_messages_check_deps_AddIntsActionResult
[  0%] Built target _action_demo_generate_messages_check_deps_AddIntsResult
[  0%] Built target _action_demo_generate_messages_check_deps_AddIntsAction
[  0%] Built target actionlib_msgs_generate_messages_py
[  0%] Built target _action_demo_generate_messages_check_deps_AddIntsFeedback
[  0%] Built target std_msgs_generate_messages_py
[  0%] Built target std_msgs_generate_messages_nodejs
[  0%] Built target actionlib_msgs_generate_messages_nodejs
[  0%] Built target rosgraph_msgs_generate_messages_eus
[  0%] Built target actionlib_msgs_generate_messages_lisp
[  0%] Built target std_msgs_generate_messages_cpp
[  0%] Built target actionlib_msgs_generate_messages_cpp
[  0%] Built target std_msgs_generate_messages_lisp
[  0%] Built target roscpp_generate_messages_py
[  0%] Built target rosgraph_msgs_generate_messages_py
[  0%] Built target actionlib_generate_messages_eus
[  0%] Built target actionlib_generate_messages_lisp
[  0%] Built target actionlib_generate_messages_nodejs
[  0%] Built target roscpp_generate_messages_lisp
[  0%] Built target _catkin_empty_exported_target
[  0%] Built target actionlib_msgs_generate_messages_eus
[  0%] Built target actionlib_generate_messages_py
[  0%] Built target std_msgs_generate_messages_eus
[  0%] Built target rosgraph_msgs_generate_messages_lisp
[  0%] Built target actionlib_generate_messages_cpp
[  0%] Built target roscpp_generate_messages_nodejs
[  0%] Built target rosgraph_msgs_generate_messages_nodejs
[  0%] Built target roscpp_generate_messages_cpp
[  0%] Built target rosgraph_msgs_generate_messages_cpp
[ 20%] Built target action_demo_generate_messages_py
[ 38%] Built target action_demo_generate_messages_nodejs
[ 56%] Built target action_demo_generate_messages_lisp
[ 92%] Built target action_demo_generate_messages_cpp
[ 94%] Built target action_demo_generate_messages_eus
[35m[1mScanning dependencies of target srv[0m
[ 94%] Built target action_demo_generate_messages
[ 97%] [32mBuilding CXX object CMakeFiles/srv.dir/src/action_server.cpp.o[0m
[100%] [32m[1mLinking CXX executable /home/zwx/Documents/ros/learn/devel/.private/action_demo/lib/action_demo/srv[0m
[100%] Built target srv
