Symlinking /home/zwx/Documents/ros/learn/devel/lib/pkgconfig/action_demo.pc
Symlinking /home/zwx/Documents/ros/learn/devel/lib/python3/dist-packages/action_demo/__init__.py
Symlinking /home/zwx/Documents/ros/learn/devel/lib/python3/dist-packages/action_demo/msg/_ActionDemoGoal.py
Symlinking /home/zwx/Documents/ros/learn/devel/lib/python3/dist-packages/action_demo/msg/__init__.py
Symlinking /home/zwx/Documents/ros/learn/devel/lib/python3/dist-packages/action_demo/msg/_ActionDemoActionResult.py
Symlinking /home/zwx/Documents/ros/learn/devel/lib/python3/dist-packages/action_demo/msg/_ActionDemoActionFeedback.py
Symlinking /home/zwx/Documents/ros/learn/devel/lib/python3/dist-packages/action_demo/msg/_ActionDemoResult.py
Symlinking /home/zwx/Documents/ros/learn/devel/lib/python3/dist-packages/action_demo/msg/_ActionDemoAction.py
Symlinking /home/zwx/Documents/ros/learn/devel/lib/python3/dist-packages/action_demo/msg/_ActionDemoFeedback.py
Symlinking /home/zwx/Documents/ros/learn/devel/lib/python3/dist-packages/action_demo/msg/_ActionDemoActionGoal.py
Symlinking /home/zwx/Documents/ros/learn/devel/share/action_demo/msg/ActionDemoAction.msg
Symlinking /home/zwx/Documents/ros/learn/devel/share/action_demo/msg/ActionDemoFeedback.msg
Symlinking /home/zwx/Documents/ros/learn/devel/share/action_demo/msg/ActionDemoActionResult.msg
Symlinking /home/zwx/Documents/ros/learn/devel/share/action_demo/msg/ActionDemoActionFeedback.msg
Symlinking /home/zwx/Documents/ros/learn/devel/share/action_demo/msg/ActionDemoActionGoal.msg
Symlinking /home/zwx/Documents/ros/learn/devel/share/action_demo/msg/ActionDemoResult.msg
Symlinking /home/zwx/Documents/ros/learn/devel/share/action_demo/msg/ActionDemoGoal.msg
Symlinking /home/zwx/Documents/ros/learn/devel/share/action_demo/cmake/action_demoConfig-version.cmake
Symlinking /home/zwx/Documents/ros/learn/devel/share/action_demo/cmake/action_demo-msg-paths.cmake
Symlinking /home/zwx/Documents/ros/learn/devel/share/action_demo/cmake/action_demo-msg-extras.cmake
Symlinking /home/zwx/Documents/ros/learn/devel/share/action_demo/cmake/action_demoConfig.cmake
Symlinking /home/zwx/Documents/ros/learn/devel/share/roseus/ros/action_demo/manifest.l
Symlinking /home/zwx/Documents/ros/learn/devel/share/roseus/ros/action_demo/msg/ActionDemoActionFeedback.l
Symlinking /home/zwx/Documents/ros/learn/devel/share/roseus/ros/action_demo/msg/ActionDemoFeedback.l
Symlinking /home/zwx/Documents/ros/learn/devel/share/roseus/ros/action_demo/msg/ActionDemoAction.l
Symlinking /home/zwx/Documents/ros/learn/devel/share/roseus/ros/action_demo/msg/ActionDemoResult.l
Symlinking /home/zwx/Documents/ros/learn/devel/share/roseus/ros/action_demo/msg/ActionDemoActionResult.l
Symlinking /home/zwx/Documents/ros/learn/devel/share/roseus/ros/action_demo/msg/ActionDemoActionGoal.l
Symlinking /home/zwx/Documents/ros/learn/devel/share/roseus/ros/action_demo/msg/ActionDemoGoal.l
Symlinking /home/zwx/Documents/ros/learn/devel/share/gennodejs/ros/action_demo/_index.js
Symlinking /home/zwx/Documents/ros/learn/devel/share/gennodejs/ros/action_demo/msg/ActionDemoActionGoal.js
Symlinking /home/zwx/Documents/ros/learn/devel/share/gennodejs/ros/action_demo/msg/ActionDemoAction.js
Symlinking /home/zwx/Documents/ros/learn/devel/share/gennodejs/ros/action_demo/msg/ActionDemoActionFeedback.js
Symlinking /home/zwx/Documents/ros/learn/devel/share/gennodejs/ros/action_demo/msg/ActionDemoGoal.js
Symlinking /home/zwx/Documents/ros/learn/devel/share/gennodejs/ros/action_demo/msg/_index.js
Symlinking /home/zwx/Documents/ros/learn/devel/share/gennodejs/ros/action_demo/msg/ActionDemoActionResult.js
Symlinking /home/zwx/Documents/ros/learn/devel/share/gennodejs/ros/action_demo/msg/ActionDemoFeedback.js
Symlinking /home/zwx/Documents/ros/learn/devel/share/gennodejs/ros/action_demo/msg/ActionDemoResult.js
Symlinking /home/zwx/Documents/ros/learn/devel/share/common-lisp/ros/action_demo/msg/_package_ActionDemoActionFeedback.lisp
Symlinking /home/zwx/Documents/ros/learn/devel/share/common-lisp/ros/action_demo/msg/ActionDemoActionGoal.lisp
Symlinking /home/zwx/Documents/ros/learn/devel/share/common-lisp/ros/action_demo/msg/_package_ActionDemoActionGoal.lisp
Symlinking /home/zwx/Documents/ros/learn/devel/share/common-lisp/ros/action_demo/msg/ActionDemoResult.lisp
Symlinking /home/zwx/Documents/ros/learn/devel/share/common-lisp/ros/action_demo/msg/_package_ActionDemoFeedback.lisp
Symlinking /home/zwx/Documents/ros/learn/devel/share/common-lisp/ros/action_demo/msg/ActionDemoAction.lisp
Symlinking /home/zwx/Documents/ros/learn/devel/share/common-lisp/ros/action_demo/msg/ActionDemoGoal.lisp
Symlinking /home/zwx/Documents/ros/learn/devel/share/common-lisp/ros/action_demo/msg/action_demo-msg.asd
Symlinking /home/zwx/Documents/ros/learn/devel/share/common-lisp/ros/action_demo/msg/_package_ActionDemoActionResult.lisp
Symlinking /home/zwx/Documents/ros/learn/devel/share/common-lisp/ros/action_demo/msg/_package_ActionDemoAction.lisp
Symlinking /home/zwx/Documents/ros/learn/devel/share/common-lisp/ros/action_demo/msg/_package_ActionDemoGoal.lisp
Symlinking /home/zwx/Documents/ros/learn/devel/share/common-lisp/ros/action_demo/msg/_package_ActionDemoResult.lisp
Symlinking /home/zwx/Documents/ros/learn/devel/share/common-lisp/ros/action_demo/msg/ActionDemoActionFeedback.lisp
Symlinking /home/zwx/Documents/ros/learn/devel/share/common-lisp/ros/action_demo/msg/_package.lisp
Symlinking /home/zwx/Documents/ros/learn/devel/share/common-lisp/ros/action_demo/msg/ActionDemoActionResult.lisp
Symlinking /home/zwx/Documents/ros/learn/devel/share/common-lisp/ros/action_demo/msg/ActionDemoFeedback.lisp
Symlinking /home/zwx/Documents/ros/learn/devel/include/action_demo/ActionDemoFeedback.h
Symlinking /home/zwx/Documents/ros/learn/devel/include/action_demo/ActionDemoActionFeedback.h
Symlinking /home/zwx/Documents/ros/learn/devel/include/action_demo/ActionDemoAction.h
Symlinking /home/zwx/Documents/ros/learn/devel/include/action_demo/ActionDemoActionResult.h
Symlinking /home/zwx/Documents/ros/learn/devel/include/action_demo/ActionDemoGoal.h
Symlinking /home/zwx/Documents/ros/learn/devel/include/action_demo/ActionDemoResult.h
Symlinking /home/zwx/Documents/ros/learn/devel/include/action_demo/ActionDemoActionGoal.h
