[35m[1mScanning dependencies of target _action_demo_generate_messages_check_deps_AddIntsFeedback[0m
[35m[1mScanning dependencies of target _action_demo_generate_messages_check_deps_AddIntsResult[0m
[35m[1mScanning dependencies of target _action_demo_generate_messages_check_deps_AddIntsActionResult[0m
[35m[1mScanning dependencies of target _action_demo_generate_messages_check_deps_AddIntsAction[0m
[35m[1mScanning dependencies of target _action_demo_generate_messages_check_deps_AddIntsGoal[0m
[35m[1mScanning dependencies of target _action_demo_generate_messages_check_deps_AddIntsActionFeedback[0m
[35m[1mScanning dependencies of target _action_demo_generate_messages_check_deps_AddIntsActionGoal[0m
[  0%] Built target actionlib_msgs_generate_messages_eus
[  0%] Built target std_msgs_generate_messages_eus
[  0%] Built target _action_demo_generate_messages_check_deps_AddIntsActionGoal
[  0%] Built target _action_demo_generate_messages_check_deps_AddIntsFeedback
[  0%] Built target _action_demo_generate_messages_check_deps_AddIntsActionResult
[  0%] Built target _action_demo_generate_messages_check_deps_AddIntsGoal
[  0%] Built target actionlib_msgs_generate_messages_py
[  0%] Built target _action_demo_generate_messages_check_deps_AddIntsActionFeedback
[  0%] Built target _action_demo_generate_messages_check_deps_AddIntsAction
[  0%] Built target std_msgs_generate_messages_py
[  0%] Built target actionlib_msgs_generate_messages_lisp
[  0%] Built target actionlib_msgs_generate_messages_nodejs
[  0%] Built target std_msgs_generate_messages_nodejs
[  0%] Built target actionlib_msgs_generate_messages_cpp
[  0%] Built target std_msgs_generate_messages_lisp
[  0%] Built target std_msgs_generate_messages_cpp
[  0%] Built target _action_demo_generate_messages_check_deps_AddIntsResult
[ 10%] [34m[1mGenerating C++ code from action_demo/AddIntsAction.msg[0m
[ 10%] [34m[1mGenerating Javascript code from action_demo/AddIntsAction.msg[0m
[ 10%] [34m[1mGenerating EusLisp code from action_demo/AddIntsAction.msg[0m
[ 10%] [34m[1mGenerating Lisp code from action_demo/AddIntsAction.msg[0m
[ 16%] [34m[1mGenerating EusLisp code from action_demo/AddIntsActionGoal.msg[0m
[ 16%] [34m[1mGenerating Javascript code from action_demo/AddIntsActionGoal.msg[0m
[ 18%] [34m[1mGenerating Javascript code from action_demo/AddIntsActionResult.msg[0m
[ 21%] [34m[1mGenerating Python from MSG action_demo/AddIntsAction[0m
[ 24%] [34m[1mGenerating Python from MSG action_demo/AddIntsActionGoal[0m
[ 27%] [34m[1mGenerating Python from MSG action_demo/AddIntsActionResult[0m
[ 29%] [34m[1mGenerating Lisp code from action_demo/AddIntsActionGoal.msg[0m
[ 32%] [34m[1mGenerating Javascript code from action_demo/AddIntsActionFeedback.msg[0m
[ 35%] [34m[1mGenerating Javascript code from action_demo/AddIntsGoal.msg[0m
[ 37%] [34m[1mGenerating EusLisp code from action_demo/AddIntsActionResult.msg[0m
[ 40%] [34m[1mGenerating C++ code from action_demo/AddIntsActionGoal.msg[0m
[ 43%] [34m[1mGenerating EusLisp code from action_demo/AddIntsActionFeedback.msg[0m
[ 45%] [34m[1mGenerating Lisp code from action_demo/AddIntsActionResult.msg[0m
[ 48%] [34m[1mGenerating Javascript code from action_demo/AddIntsResult.msg[0m
[ 51%] [34m[1mGenerating Python from MSG action_demo/AddIntsActionFeedback[0m
[ 54%] [34m[1mGenerating Lisp code from action_demo/AddIntsActionFeedback.msg[0m
[ 56%] [34m[1mGenerating Python from MSG action_demo/AddIntsGoal[0m
[ 59%] [34m[1mGenerating Lisp code from action_demo/AddIntsGoal.msg[0m
[ 62%] [34m[1mGenerating EusLisp code from action_demo/AddIntsResult.msg[0m
[ 64%] [34m[1mGenerating Javascript code from action_demo/AddIntsFeedback.msg[0m
[ 67%] [34m[1mGenerating EusLisp code from action_demo/AddIntsGoal.msg[0m
[ 70%] [34m[1mGenerating C++ code from action_demo/AddIntsActionResult.msg[0m
[ 72%] [34m[1mGenerating Lisp code from action_demo/AddIntsResult.msg[0m
[ 75%] [34m[1mGenerating Lisp code from action_demo/AddIntsFeedback.msg[0m
[ 75%] Built target action_demo_generate_messages_nodejs
[ 78%] [34m[1mGenerating C++ code from action_demo/AddIntsActionFeedback.msg[0m
[ 81%] [34m[1mGenerating EusLisp code from action_demo/AddIntsFeedback.msg[0m
[ 83%] [34m[1mGenerating C++ code from action_demo/AddIntsGoal.msg[0m
[ 86%] [34m[1mGenerating C++ code from action_demo/AddIntsResult.msg[0m
[ 89%] [34m[1mGenerating Python from MSG action_demo/AddIntsFeedback[0m
[ 89%] Built target action_demo_generate_messages_lisp
[ 91%] [34m[1mGenerating Python from MSG action_demo/AddIntsResult[0m
[ 94%] [34m[1mGenerating C++ code from action_demo/AddIntsFeedback.msg[0m
[ 97%] Built target action_demo_generate_messages_eus
[ 97%] Built target action_demo_generate_messages_cpp
[100%] [34m[1mGenerating Python msg __init__.py for action_demo[0m
[100%] Built target action_demo_generate_messages_py
[100%] Built target action_demo_generate_messages
