[  0%] Built target actionlib_msgs_generate_messages_eus
[  0%] Built target std_msgs_generate_messages_eus
[  0%] Built target std_msgs_generate_messages_py
[  0%] Built target _action_demo_generate_messages_check_deps_ActionDemoResult
[  0%] Built target _action_demo_generate_messages_check_deps_ActionDemoFeedback
[  0%] Built target _action_demo_generate_messages_check_deps_ActionDemoAction
[  0%] Built target _action_demo_generate_messages_check_deps_ActionDemoActionResult
[  0%] Built target _action_demo_generate_messages_check_deps_ActionDemoGoal
[  0%] Built target _action_demo_generate_messages_check_deps_ActionDemoActionGoal
[  0%] Built target std_msgs_generate_messages_lisp
[  0%] Built target actionlib_msgs_generate_messages_py
[  0%] Built target actionlib_msgs_generate_messages_lisp
[  0%] Built target std_msgs_generate_messages_cpp
[  0%] Built target std_msgs_generate_messages_nodejs
[  0%] Built target actionlib_msgs_generate_messages_cpp
[  0%] Built target actionlib_msgs_generate_messages_nodejs
[  0%] Built target _action_demo_generate_messages_check_deps_ActionDemoActionFeedback
[ 35%] Built target action_demo_generate_messages_py
[ 43%] Built target action_demo_generate_messages_eus
[ 62%] Built target action_demo_generate_messages_lisp
[ 81%] Built target action_demo_generate_messages_cpp
[100%] Built target action_demo_generate_messages_nodejs
[100%] Built target action_demo_generate_messages
