[35m[1mScanning dependencies of target _action_demo_generate_messages_check_deps_ActionDemoFeedback[0m
[35m[1mScanning dependencies of target _action_demo_generate_messages_check_deps_ActionDemoActionResult[0m
[35m[1mScanning dependencies of target std_msgs_generate_messages_eus[0m
[35m[1mScanning dependencies of target _action_demo_generate_messages_check_deps_ActionDemoAction[0m
[35m[1mScanning dependencies of target _action_demo_generate_messages_check_deps_ActionDemoActionGoal[0m
[35m[1mScanning dependencies of target _action_demo_generate_messages_check_deps_ActionDemoGoal[0m
[35m[1mScanning dependencies of target _action_demo_generate_messages_check_deps_ActionDemoResult[0m
[35m[1mScanning dependencies of target actionlib_msgs_generate_messages_eus[0m
[  0%] Built target std_msgs_generate_messages_eus
[  0%] Built target actionlib_msgs_generate_messages_eus
[35m[1mScanning dependencies of target _action_demo_generate_messages_check_deps_ActionDemoActionFeedback[0m
[35m[1mScanning dependencies of target std_msgs_generate_messages_py[0m
[  0%] Built target _action_demo_generate_messages_check_deps_ActionDemoFeedback
[  0%] Built target _action_demo_generate_messages_check_deps_ActionDemoActionResult
[  0%] Built target _action_demo_generate_messages_check_deps_ActionDemoGoal
[  0%] Built target _action_demo_generate_messages_check_deps_ActionDemoActionGoal
[  0%] Built target std_msgs_generate_messages_py
[  0%] Built target _action_demo_generate_messages_check_deps_ActionDemoResult
[35m[1mScanning dependencies of target std_msgs_generate_messages_lisp[0m
[35m[1mScanning dependencies of target actionlib_msgs_generate_messages_py[0m
[35m[1mScanning dependencies of target std_msgs_generate_messages_cpp[0m
[  0%] Built target _action_demo_generate_messages_check_deps_ActionDemoAction
[35m[1mScanning dependencies of target actionlib_msgs_generate_messages_lisp[0m
[35m[1mScanning dependencies of target actionlib_msgs_generate_messages_cpp[0m
[  0%] Built target std_msgs_generate_messages_lisp
[  0%] Built target actionlib_msgs_generate_messages_py
[35m[1mScanning dependencies of target std_msgs_generate_messages_nodejs[0m
[  0%] Built target std_msgs_generate_messages_cpp
[  0%] Built target actionlib_msgs_generate_messages_lisp
[  0%] Built target actionlib_msgs_generate_messages_cpp
[  0%] Built target _action_demo_generate_messages_check_deps_ActionDemoActionFeedback
[  0%] Built target std_msgs_generate_messages_nodejs
[35m[1mScanning dependencies of target actionlib_msgs_generate_messages_nodejs[0m
[35m[1mScanning dependencies of target action_demo_generate_messages_py[0m
[35m[1mScanning dependencies of target action_demo_generate_messages_eus[0m
[35m[1mScanning dependencies of target action_demo_generate_messages_lisp[0m
[35m[1mScanning dependencies of target action_demo_generate_messages_cpp[0m
[  2%] [34m[1mGenerating EusLisp code from action_demo/ActionDemoActionGoal.msg[0m
[  8%] [34m[1mGenerating Python from MSG action_demo/ActionDemoAction[0m
[  8%] [34m[1mGenerating EusLisp code from action_demo/ActionDemoActionResult.msg[0m
[ 10%] [34m[1mGenerating EusLisp code from action_demo/ActionDemoAction.msg[0m
[ 10%] Built target actionlib_msgs_generate_messages_nodejs
[ 13%] [34m[1mGenerating Lisp code from action_demo/ActionDemoAction.msg[0m
[ 16%] [34m[1mGenerating EusLisp code from action_demo/ActionDemoActionFeedback.msg[0m
[35m[1mScanning dependencies of target action_demo_generate_messages_nodejs[0m
[ 18%] [34m[1mGenerating C++ code from action_demo/ActionDemoAction.msg[0m
[ 21%] [34m[1mGenerating Javascript code from action_demo/ActionDemoAction.msg[0m
[ 24%] [34m[1mGenerating Lisp code from action_demo/ActionDemoActionGoal.msg[0m
[ 27%] [34m[1mGenerating Lisp code from action_demo/ActionDemoActionResult.msg[0m
[ 29%] [34m[1mGenerating Javascript code from action_demo/ActionDemoActionGoal.msg[0m
[ 32%] [34m[1mGenerating EusLisp code from action_demo/ActionDemoGoal.msg[0m
[ 35%] [34m[1mGenerating Javascript code from action_demo/ActionDemoActionResult.msg[0m
[ 37%] [34m[1mGenerating Javascript code from action_demo/ActionDemoActionFeedback.msg[0m
[ 40%] [34m[1mGenerating C++ code from action_demo/ActionDemoActionGoal.msg[0m
[ 43%] [34m[1mGenerating Lisp code from action_demo/ActionDemoActionFeedback.msg[0m
[ 45%] [34m[1mGenerating Python from MSG action_demo/ActionDemoActionGoal[0m
[ 48%] [34m[1mGenerating Javascript code from action_demo/ActionDemoGoal.msg[0m
[ 51%] [34m[1mGenerating Javascript code from action_demo/ActionDemoResult.msg[0m
[ 54%] [34m[1mGenerating Lisp code from action_demo/ActionDemoGoal.msg[0m
[ 56%] [34m[1mGenerating Javascript code from action_demo/ActionDemoFeedback.msg[0m
[ 59%] [34m[1mGenerating Lisp code from action_demo/ActionDemoResult.msg[0m
[ 62%] [34m[1mGenerating Lisp code from action_demo/ActionDemoFeedback.msg[0m
[ 64%] [34m[1mGenerating EusLisp code from action_demo/ActionDemoResult.msg[0m
[ 67%] [34m[1mGenerating EusLisp code from action_demo/ActionDemoFeedback.msg[0m
[ 67%] Built target action_demo_generate_messages_nodejs
[ 70%] [34m[1mGenerating Python from MSG action_demo/ActionDemoActionResult[0m
[ 72%] [34m[1mGenerating EusLisp manifest code for action_demo[0m
[ 75%] [34m[1mGenerating C++ code from action_demo/ActionDemoActionResult.msg[0m
[ 78%] [34m[1mGenerating Python from MSG action_demo/ActionDemoActionFeedback[0m
[ 78%] Built target action_demo_generate_messages_lisp
[ 81%] [34m[1mGenerating Python from MSG action_demo/ActionDemoGoal[0m
[ 83%] [34m[1mGenerating Python from MSG action_demo/ActionDemoResult[0m
[ 86%] [34m[1mGenerating Python from MSG action_demo/ActionDemoFeedback[0m
[ 89%] [34m[1mGenerating C++ code from action_demo/ActionDemoActionFeedback.msg[0m
[ 91%] [34m[1mGenerating C++ code from action_demo/ActionDemoGoal.msg[0m
[ 94%] [34m[1mGenerating C++ code from action_demo/ActionDemoResult.msg[0m
[ 97%] [34m[1mGenerating C++ code from action_demo/ActionDemoFeedback.msg[0m
[100%] [34m[1mGenerating Python msg __init__.py for action_demo[0m
[100%] Built target action_demo_generate_messages_cpp
[100%] Built target action_demo_generate_messages_py
[100%] Built target action_demo_generate_messages_eus
[35m[1mScanning dependencies of target action_demo_generate_messages[0m
[100%] Built target action_demo_generate_messages
